{
  "RSpec": {
    "coverage": {
      "/Users/Colette/Dev_Stuff/ticketee/Chapter3/app/models/user.rb": [
        1,
        null,
        null,
        null,
        1,
        null,
        null,
        null,
        null,
        1,
        1,
        1,
        13,
        null,
        null,
        null
      ],
      "/Users/Colette/Dev_Stuff/ticketee/Chapter3/app/controllers/application_controller.rb": [
        1,
        1,
        null,
        1,
        null,
        1,
        17,
        17,
        0,
        0,
        null,
        null,
        null
      ],
      "/Users/Colette/Dev_Stuff/ticketee/Chapter3/app/helpers/application_helper.rb": [
        1,
        1,
        0,
        0,
        0,
        null,
        null,
        null,
        1,
        27,
        null,
        null
      ],
      "/Users/Colette/Dev_Stuff/ticketee/Chapter3/app/helpers/admin/users_helper.rb": [
        1,
        null
      ],
      "/Users/Colette/Dev_Stuff/ticketee/Chapter3/app/helpers/projects_helper.rb": [
        1,
        null
      ],
      "/Users/Colette/Dev_Stuff/ticketee/Chapter3/app/helpers/tickets_helper.rb": [
        1,
        null
      ],
      "/Users/Colette/Dev_Stuff/ticketee/Chapter3/app/controllers/admin/base_controller.rb": [
        1,
        1,
        null,
        1,
        null,
        null
      ],
      "/Users/Colette/Dev_Stuff/ticketee/Chapter3/app/controllers/admin/users_controller.rb": [
        1,
        1,
        1,
        5,
        null,
        null,
        1,
        0,
        null,
        null,
        1,
        0,
        0,
        0,
        0,
        null,
        0,
        0,
        null,
        null,
        1,
        null,
        null,
        1,
        null,
        null,
        1,
        3,
        3,
        3,
        3,
        null,
        3,
        2,
        2,
        null,
        1,
        1,
        null,
        null,
        null,
        1,
        1,
        9,
        null,
        null
      ],
      "/Users/Colette/Dev_Stuff/ticketee/Chapter3/app/controllers/projects_controller.rb": [
        1,
        null,
        1,
        1,
        null,
        null,
        null,
        1,
        6,
        null,
        null,
        1,
        0,
        null,
        null,
        1,
        0,
        0,
        0,
        0,
        null,
        0,
        0,
        null,
        null,
        null,
        1,
        null,
        null,
        1,
        null,
        null,
        1,
        0,
        0,
        0,
        null,
        0,
        0,
        null,
        null,
        null,
        1,
        0,
        0,
        0,
        null,
        null,
        1,
        1,
        0,
        null,
        0,
        null,
        0,
        null,
        null,
        1,
        0,
        0,
        0,
        0,
        null,
        null,
        null,
        null
      ],
      "/Users/Colette/Dev_Stuff/ticketee/Chapter3/app/models/project.rb": [
        1,
        1,
        1,
        1,
        null
      ],
      "/Users/Colette/Dev_Stuff/ticketee/Chapter3/app/controllers/tickets_controller.rb": [
        1,
        null,
        1,
        1,
        1,
        null,
        1,
        0,
        null,
        null,
        1,
        0,
        0,
        0,
        0,
        0,
        null,
        0,
        0,
        null,
        null,
        null,
        1,
        null,
        null,
        1,
        null,
        null,
        1,
        0,
        0,
        0,
        null,
        0,
        0,
        null,
        null,
        null,
        1,
        0,
        0,
        0,
        null,
        null,
        1,
        1,
        0,
        null,
        null,
        1,
        0,
        null,
        null,
        null
      ],
      "/Users/Colette/Dev_Stuff/ticketee/Chapter3/app/models/ticket.rb": [
        1,
        1,
        1,
        1,
        1,
        1,
        null,
        null,
        null
      ]
    },
    "timestamp": 1374200269
  }
}
