{
  "RSpec": {
    "coverage": {
      "/Users/Colette/Dev_Stuff/ticketee/Chapter3/app/models/user.rb": [
        1,
        null,
        null,
        null,
        1,
        null,
        null,
        null,
        null,
        1,
        1,
        1,
        9,
        null,
        null,
        null
      ],
      "/Users/Colette/Dev_Stuff/ticketee/Chapter3/app/controllers/application_controller.rb": [
        1,
        1,
        null,
        1,
        null,
        1,
        10,
        10,
        0,
        0,
        null,
        null,
        null
      ],
      "/Users/Colette/Dev_Stuff/ticketee/Chapter3/app/helpers/application_helper.rb": [
        1,
        1,
        0,
        0,
        0,
        null,
        null,
        null,
        1,
        16,
        null,
        null
      ],
      "/Users/Colette/Dev_Stuff/ticketee/Chapter3/app/helpers/admin/users_helper.rb": [
        1,
        null
      ],
      "/Users/Colette/Dev_Stuff/ticketee/Chapter3/app/helpers/projects_helper.rb": [
        1,
        null
      ],
      "/Users/Colette/Dev_Stuff/ticketee/Chapter3/app/helpers/tickets_helper.rb": [
        1,
        null
      ],
      "/Users/Colette/Dev_Stuff/ticketee/Chapter3/app/controllers/admin/base_controller.rb": [
        1,
        1,
        null,
        1,
        null,
        null
      ],
      "/Users/Colette/Dev_Stuff/ticketee/Chapter3/app/controllers/admin/users_controller.rb": [
        1,
        1,
        1,
        4,
        null,
        null,
        1,
        0,
        null,
        null,
        1,
        0,
        0,
        0,
        0,
        null,
        0,
        0,
        null,
        null,
        1,
        null,
        null,
        1,
        null,
        null,
        1,
        0,
        0,
        0,
        0,
        null,
        0,
        0,
        0,
        null,
        0,
        0,
        null,
        null,
        null,
        1,
        2,
        1,
        null,
        1,
        1,
        null,
        2,
        null,
        null,
        1,
        1,
        4,
        null,
        null
      ],
      "/Users/Colette/Dev_Stuff/ticketee/Chapter3/app/controllers/projects_controller.rb": [
        1,
        null,
        1,
        1,
        null,
        null,
        null,
        1,
        4,
        null,
        null,
        1,
        0,
        null,
        null,
        1,
        0,
        0,
        0,
        0,
        null,
        0,
        0,
        null,
        null,
        null,
        1,
        null,
        null,
        1,
        null,
        null,
        1,
        0,
        0,
        0,
        null,
        0,
        0,
        null,
        null,
        null,
        1,
        0,
        0,
        0,
        null,
        null,
        1,
        1,
        0,
        null,
        0,
        null,
        0,
        null,
        null,
        1,
        0,
        0,
        0,
        0,
        null,
        null,
        null,
        null
      ],
      "/Users/Colette/Dev_Stuff/ticketee/Chapter3/app/models/project.rb": [
        1,
        1,
        1,
        1,
        null
      ],
      "/Users/Colette/Dev_Stuff/ticketee/Chapter3/app/controllers/tickets_controller.rb": [
        1,
        null,
        1,
        1,
        1,
        null,
        1,
        0,
        null,
        null,
        1,
        0,
        0,
        0,
        0,
        0,
        null,
        0,
        0,
        null,
        null,
        null,
        1,
        null,
        null,
        1,
        null,
        null,
        1,
        0,
        0,
        0,
        null,
        0,
        0,
        null,
        null,
        null,
        1,
        0,
        0,
        0,
        null,
        null,
        1,
        1,
        0,
        null,
        null,
        1,
        0,
        null,
        null,
        null
      ],
      "/Users/Colette/Dev_Stuff/ticketee/Chapter3/app/models/ticket.rb": [
        1,
        1,
        1,
        1,
        1,
        1,
        null,
        null,
        null
      ]
    },
    "timestamp": 1374201004
  }
}
